Analysis & Synthesis report for Stack7_20
Wed Nov 04 09:49:11 2020
Quartus II 64-Bit Version 13.0.1 Build 232 06/12/2013 Service Pack 1 SJ Web Edition


---------------------
; Table of Contents ;
---------------------
  1. Legal Notice
  2. Analysis & Synthesis Summary
  3. Analysis & Synthesis Settings
  4. Parallel Compilation
  5. Analysis & Synthesis Source Files Read
  6. Analysis & Synthesis Resource Usage Summary
  7. Analysis & Synthesis Resource Utilization by Entity
  8. Logic Cells Representing Combinational Loops
  9. General Register Statistics
 10. Parameter Settings for User Entity Instance: Top-level Entity: |Stack7_20
 11. Parameter Settings for User Entity Instance: SRwPL_stack:SRwPL_stack_inst[0]
 12. Parameter Settings for User Entity Instance: SRwPL_stack:SRwPL_stack_inst[1]
 13. Parameter Settings for User Entity Instance: SRwPL_stack:SRwPL_stack_inst[2]
 14. Parameter Settings for User Entity Instance: SRwPL_stack:SRwPL_stack_inst[3]
 15. Parameter Settings for User Entity Instance: SRwPL_stack:SRwPL_stack_inst[4]
 16. Parameter Settings for User Entity Instance: SRwPL_stack:SRwPL_stack_inst[5]
 17. Parameter Settings for User Entity Instance: SRwPL_stack:SRwPL_stack_inst[6]
 18. Parameter Settings for User Entity Instance: SRwPL_stack:SRwPL_stack_inst[7]
 19. Parameter Settings for User Entity Instance: CounterWithParallelLoad:CounterWithParallelLoad_inst
 20. Port Connectivity Checks: "CounterWithParallelLoad:CounterWithParallelLoad_inst|HAS:HAS_inst[10]"
 21. Port Connectivity Checks: "CounterWithParallelLoad:CounterWithParallelLoad_inst"
 22. Port Connectivity Checks: "SRwPL_stack:SRwPL_stack_inst[7]"
 23. Port Connectivity Checks: "SRwPL_stack:SRwPL_stack_inst[6]"
 24. Port Connectivity Checks: "SRwPL_stack:SRwPL_stack_inst[5]"
 25. Port Connectivity Checks: "SRwPL_stack:SRwPL_stack_inst[4]"
 26. Port Connectivity Checks: "SRwPL_stack:SRwPL_stack_inst[3]"
 27. Port Connectivity Checks: "SRwPL_stack:SRwPL_stack_inst[2]"
 28. Port Connectivity Checks: "SRwPL_stack:SRwPL_stack_inst[1]"
 29. Port Connectivity Checks: "SRwPL_stack:SRwPL_stack_inst[0]"
 30. Elapsed Time Per Partition
 31. Analysis & Synthesis Messages



----------------
; Legal Notice ;
----------------
Copyright (C) 1991-2013 Altera Corporation
Your use of Altera Corporation's design tools, logic functions 
and other software and tools, and its AMPP partner logic 
functions, and any output files from any of the foregoing 
(including device programming or simulation files), and any 
associated documentation or information are expressly subject 
to the terms and conditions of the Altera Program License 
Subscription Agreement, Altera MegaCore Function License 
Agreement, or other applicable license agreement, including, 
without limitation, that your use is for the sole purpose of 
programming logic devices manufactured by Altera and sold by 
Altera or its authorized distributors.  Please refer to the 
applicable agreement for further details.



+--------------------------------------------------------------------------------------+
; Analysis & Synthesis Summary                                                         ;
+------------------------------------+-------------------------------------------------+
; Analysis & Synthesis Status        ; Successful - Wed Nov 04 09:49:11 2020           ;
; Quartus II 64-Bit Version          ; 13.0.1 Build 232 06/12/2013 SP 1 SJ Web Edition ;
; Revision Name                      ; Stack7_20                                       ;
; Top-level Entity Name              ; Stack7_20                                       ;
; Family                             ; Cyclone II                                      ;
; Total logic elements               ; 367                                             ;
;     Total combinational functions  ; 367                                             ;
;     Dedicated logic registers      ; 0                                               ;
; Total registers                    ; 0                                               ;
; Total pins                         ; 30                                              ;
; Total virtual pins                 ; 0                                               ;
; Total memory bits                  ; 0                                               ;
; Embedded Multiplier 9-bit elements ; 0                                               ;
; Total PLLs                         ; 0                                               ;
+------------------------------------+-------------------------------------------------+


+----------------------------------------------------------------------------------------------------------------------+
; Analysis & Synthesis Settings                                                                                        ;
+----------------------------------------------------------------------------+--------------------+--------------------+
; Option                                                                     ; Setting            ; Default Value      ;
+----------------------------------------------------------------------------+--------------------+--------------------+
; Top-level entity name                                                      ; Stack7_20          ; Stack7_20          ;
; Family name                                                                ; Cyclone II         ; Cyclone IV GX      ;
; Use smart compilation                                                      ; Off                ; Off                ;
; Enable parallel Assembler and TimeQuest Timing Analyzer during compilation ; On                 ; On                 ;
; Enable compact report table                                                ; Off                ; Off                ;
; Restructure Multiplexers                                                   ; Auto               ; Auto               ;
; Create Debugging Nodes for IP Cores                                        ; Off                ; Off                ;
; Preserve fewer node names                                                  ; On                 ; On                 ;
; Disable OpenCore Plus hardware evaluation                                  ; Off                ; Off                ;
; Verilog Version                                                            ; Verilog_2001       ; Verilog_2001       ;
; VHDL Version                                                               ; VHDL_1993          ; VHDL_1993          ;
; State Machine Processing                                                   ; Auto               ; Auto               ;
; Safe State Machine                                                         ; Off                ; Off                ;
; Extract Verilog State Machines                                             ; On                 ; On                 ;
; Extract VHDL State Machines                                                ; On                 ; On                 ;
; Ignore Verilog initial constructs                                          ; Off                ; Off                ;
; Iteration limit for constant Verilog loops                                 ; 5000               ; 5000               ;
; Iteration limit for non-constant Verilog loops                             ; 250                ; 250                ;
; Add Pass-Through Logic to Inferred RAMs                                    ; On                 ; On                 ;
; Infer RAMs from Raw Logic                                                  ; On                 ; On                 ;
; Parallel Synthesis                                                         ; On                 ; On                 ;
; DSP Block Balancing                                                        ; Auto               ; Auto               ;
; NOT Gate Push-Back                                                         ; On                 ; On                 ;
; Power-Up Don't Care                                                        ; On                 ; On                 ;
; Remove Redundant Logic Cells                                               ; Off                ; Off                ;
; Remove Duplicate Registers                                                 ; On                 ; On                 ;
; Ignore CARRY Buffers                                                       ; Off                ; Off                ;
; Ignore CASCADE Buffers                                                     ; Off                ; Off                ;
; Ignore GLOBAL Buffers                                                      ; Off                ; Off                ;
; Ignore ROW GLOBAL Buffers                                                  ; Off                ; Off                ;
; Ignore LCELL Buffers                                                       ; Off                ; Off                ;
; Ignore SOFT Buffers                                                        ; On                 ; On                 ;
; Limit AHDL Integers to 32 Bits                                             ; Off                ; Off                ;
; Optimization Technique                                                     ; Balanced           ; Balanced           ;
; Carry Chain Length                                                         ; 70                 ; 70                 ;
; Auto Carry Chains                                                          ; On                 ; On                 ;
; Auto Open-Drain Pins                                                       ; On                 ; On                 ;
; Perform WYSIWYG Primitive Resynthesis                                      ; Off                ; Off                ;
; Auto ROM Replacement                                                       ; On                 ; On                 ;
; Auto RAM Replacement                                                       ; On                 ; On                 ;
; Auto Shift Register Replacement                                            ; Auto               ; Auto               ;
; Allow Shift Register Merging across Hierarchies                            ; Auto               ; Auto               ;
; Auto Clock Enable Replacement                                              ; On                 ; On                 ;
; Strict RAM Replacement                                                     ; Off                ; Off                ;
; Allow Synchronous Control Signals                                          ; On                 ; On                 ;
; Force Use of Synchronous Clear Signals                                     ; Off                ; Off                ;
; Auto RAM to Logic Cell Conversion                                          ; Off                ; Off                ;
; Auto Resource Sharing                                                      ; Off                ; Off                ;
; Allow Any RAM Size For Recognition                                         ; Off                ; Off                ;
; Allow Any ROM Size For Recognition                                         ; Off                ; Off                ;
; Allow Any Shift Register Size For Recognition                              ; Off                ; Off                ;
; Use LogicLock Constraints during Resource Balancing                        ; On                 ; On                 ;
; Ignore translate_off and synthesis_off directives                          ; Off                ; Off                ;
; Timing-Driven Synthesis                                                    ; Off                ; Off                ;
; Report Parameter Settings                                                  ; On                 ; On                 ;
; Report Source Assignments                                                  ; On                 ; On                 ;
; Report Connectivity Checks                                                 ; On                 ; On                 ;
; Ignore Maximum Fan-Out Assignments                                         ; Off                ; Off                ;
; Synchronization Register Chain Length                                      ; 2                  ; 2                  ;
; PowerPlay Power Optimization                                               ; Normal compilation ; Normal compilation ;
; HDL message level                                                          ; Level2             ; Level2             ;
; Suppress Register Optimization Related Messages                            ; Off                ; Off                ;
; Number of Removed Registers Reported in Synthesis Report                   ; 5000               ; 5000               ;
; Number of Swept Nodes Reported in Synthesis Report                         ; 5000               ; 5000               ;
; Number of Inverted Registers Reported in Synthesis Report                  ; 100                ; 100                ;
; Clock MUX Protection                                                       ; On                 ; On                 ;
; Auto Gated Clock Conversion                                                ; Off                ; Off                ;
; Block Design Naming                                                        ; Auto               ; Auto               ;
; SDC constraint protection                                                  ; Off                ; Off                ;
; Synthesis Effort                                                           ; Auto               ; Auto               ;
; Shift Register Replacement - Allow Asynchronous Clear Signal               ; On                 ; On                 ;
; Pre-Mapping Resynthesis Optimization                                       ; Off                ; Off                ;
; Analysis & Synthesis Message Level                                         ; Medium             ; Medium             ;
; Disable Register Merging Across Hierarchies                                ; Auto               ; Auto               ;
; Resource Aware Inference For Block RAM                                     ; On                 ; On                 ;
; Synthesis Seed                                                             ; 1                  ; 1                  ;
+----------------------------------------------------------------------------+--------------------+--------------------+


Parallel compilation was disabled, but you have multiple processors available. Enable parallel compilation to reduce compilation time.
+-------------------------------------+
; Parallel Compilation                ;
+----------------------------+--------+
; Processors                 ; Number ;
+----------------------------+--------+
; Number detected on machine ; 8      ;
; Maximum allowed            ; 1      ;
+----------------------------+--------+


+--------------------------------------------------------------------------------------------------------------------------------------------------------------------------------------------------+
; Analysis & Synthesis Source Files Read                                                                                                                                                           ;
+------------------------------------------------------+-----------------+------------------------+--------------------------------------------------------------------------------------+---------+
; File Name with User-Entered Path                     ; Used in Netlist ; File Type              ; File Name with Absolute Path                                                         ; Library ;
+------------------------------------------------------+-----------------+------------------------+--------------------------------------------------------------------------------------+---------+
; ../ShifterWithParallelLoad/mux4_1.v                  ; yes             ; User Verilog HDL File  ; E:/TAILIEUHOCTAP/VerilogHDL/BaiTap/ShifterWithParallelLoad/mux4_1.v                  ;         ;
; ../ShifterWithParallelLoad/D_ff.v                    ; yes             ; User Verilog HDL File  ; E:/TAILIEUHOCTAP/VerilogHDL/BaiTap/ShifterWithParallelLoad/D_ff.v                    ;         ;
; ../CounterWithParallelLoad/mux2_1.v                  ; yes             ; User Verilog HDL File  ; E:/TAILIEUHOCTAP/VerilogHDL/BaiTap/CounterWithParallelLoad/mux2_1.v                  ;         ;
; ../CounterWithParallelLoad/HAS.v                     ; yes             ; User Verilog HDL File  ; E:/TAILIEUHOCTAP/VerilogHDL/BaiTap/CounterWithParallelLoad/HAS.v                     ;         ;
; ../CounterWithParallelLoad/CounterWithParallelLoad.v ; yes             ; User Verilog HDL File  ; E:/TAILIEUHOCTAP/VerilogHDL/BaiTap/CounterWithParallelLoad/CounterWithParallelLoad.v ;         ;
; Stack7_20.v                                          ; yes             ; User Verilog HDL File  ; E:/TAILIEUHOCTAP/VerilogHDL/BaiTap/Stack7_20/Stack7_20.v                             ;         ;
; SRwPL_stack.v                                        ; yes             ; User Verilog HDL File  ; E:/TAILIEUHOCTAP/VerilogHDL/BaiTap/Stack7_20/SRwPL_stack.v                           ;         ;
+------------------------------------------------------+-----------------+------------------------+--------------------------------------------------------------------------------------+---------+


+-----------------------------------------------------+
; Analysis & Synthesis Resource Usage Summary         ;
+---------------------------------------------+-------+
; Resource                                    ; Usage ;
+---------------------------------------------+-------+
; Estimated Total logic elements              ; 367   ;
;                                             ;       ;
; Total combinational functions               ; 367   ;
; Logic element usage by number of LUT inputs ;       ;
;     -- 4 input functions                    ; 233   ;
;     -- 3 input functions                    ; 132   ;
;     -- <=2 input functions                  ; 2     ;
;                                             ;       ;
; Logic elements by mode                      ;       ;
;     -- normal mode                          ; 367   ;
;     -- arithmetic mode                      ; 0     ;
;                                             ;       ;
; Total registers                             ; 0     ;
;     -- Dedicated logic registers            ; 0     ;
;     -- I/O registers                        ; 0     ;
;                                             ;       ;
; I/O pins                                    ; 30    ;
; Embedded Multiplier 9-bit elements          ; 0     ;
; Maximum fan-out node                        ; clk   ;
; Maximum fan-out                             ; 216   ;
; Total fan-out                               ; 1350  ;
; Average fan-out                             ; 3.40  ;
+---------------------------------------------+-------+


+--------------------------------------------------------------------------------------------------------------------------------------------------------------------------------------------------------------------------------------------------------------------------+
; Analysis & Synthesis Resource Utilization by Entity                                                                                                                                                                                                                      ;
+-----------------------------------------------------------+-------------------+--------------+-------------+--------------+---------+-----------+------+--------------+-----------------------------------------------------------------------------------+--------------+
; Compilation Hierarchy Node                                ; LC Combinationals ; LC Registers ; Memory Bits ; DSP Elements ; DSP 9x9 ; DSP 18x18 ; Pins ; Virtual Pins ; Full Hierarchy Name                                                               ; Library Name ;
+-----------------------------------------------------------+-------------------+--------------+-------------+--------------+---------+-----------+------+--------------+-----------------------------------------------------------------------------------+--------------+
; |Stack7_20                                                ; 367 (9)           ; 0 (0)        ; 0           ; 0            ; 0       ; 0         ; 30   ; 0            ; |Stack7_20                                                                        ; work         ;
;    |CounterWithParallelLoad:CounterWithParallelLoad_inst| ; 45 (0)            ; 0 (0)        ; 0           ; 0            ; 0       ; 0         ; 0    ; 0            ; |Stack7_20|CounterWithParallelLoad:CounterWithParallelLoad_inst                   ; work         ;
;       |D_ff:D_ff_inst[0]|                                 ; 4 (4)             ; 0 (0)        ; 0           ; 0            ; 0       ; 0         ; 0    ; 0            ; |Stack7_20|CounterWithParallelLoad:CounterWithParallelLoad_inst|D_ff:D_ff_inst[0] ; work         ;
;       |D_ff:D_ff_inst[1]|                                 ; 4 (4)             ; 0 (0)        ; 0           ; 0            ; 0       ; 0         ; 0    ; 0            ; |Stack7_20|CounterWithParallelLoad:CounterWithParallelLoad_inst|D_ff:D_ff_inst[1] ; work         ;
;       |D_ff:D_ff_inst[2]|                                 ; 4 (4)             ; 0 (0)        ; 0           ; 0            ; 0       ; 0         ; 0    ; 0            ; |Stack7_20|CounterWithParallelLoad:CounterWithParallelLoad_inst|D_ff:D_ff_inst[2] ; work         ;
;       |D_ff:D_ff_inst[3]|                                 ; 4 (4)             ; 0 (0)        ; 0           ; 0            ; 0       ; 0         ; 0    ; 0            ; |Stack7_20|CounterWithParallelLoad:CounterWithParallelLoad_inst|D_ff:D_ff_inst[3] ; work         ;
;       |D_ff:D_ff_inst[4]|                                 ; 4 (4)             ; 0 (0)        ; 0           ; 0            ; 0       ; 0         ; 0    ; 0            ; |Stack7_20|CounterWithParallelLoad:CounterWithParallelLoad_inst|D_ff:D_ff_inst[4] ; work         ;
;       |D_ff:D_ff_inst[5]|                                 ; 4 (4)             ; 0 (0)        ; 0           ; 0            ; 0       ; 0         ; 0    ; 0            ; |Stack7_20|CounterWithParallelLoad:CounterWithParallelLoad_inst|D_ff:D_ff_inst[5] ; work         ;
;       |D_ff:D_ff_inst[6]|                                 ; 4 (4)             ; 0 (0)        ; 0           ; 0            ; 0       ; 0         ; 0    ; 0            ; |Stack7_20|CounterWithParallelLoad:CounterWithParallelLoad_inst|D_ff:D_ff_inst[6] ; work         ;
;       |D_ff:D_ff_inst[7]|                                 ; 4 (4)             ; 0 (0)        ; 0           ; 0            ; 0       ; 0         ; 0    ; 0            ; |Stack7_20|CounterWithParallelLoad:CounterWithParallelLoad_inst|D_ff:D_ff_inst[7] ; work         ;
;       |HAS:HAS_inst[0]|                                   ; 1 (1)             ; 0 (0)        ; 0           ; 0            ; 0       ; 0         ; 0    ; 0            ; |Stack7_20|CounterWithParallelLoad:CounterWithParallelLoad_inst|HAS:HAS_inst[0]   ; work         ;
;       |HAS:HAS_inst[1]|                                   ; 2 (2)             ; 0 (0)        ; 0           ; 0            ; 0       ; 0         ; 0    ; 0            ; |Stack7_20|CounterWithParallelLoad:CounterWithParallelLoad_inst|HAS:HAS_inst[1]   ; work         ;
;       |HAS:HAS_inst[2]|                                   ; 2 (2)             ; 0 (0)        ; 0           ; 0            ; 0       ; 0         ; 0    ; 0            ; |Stack7_20|CounterWithParallelLoad:CounterWithParallelLoad_inst|HAS:HAS_inst[2]   ; work         ;
;       |HAS:HAS_inst[3]|                                   ; 3 (3)             ; 0 (0)        ; 0           ; 0            ; 0       ; 0         ; 0    ; 0            ; |Stack7_20|CounterWithParallelLoad:CounterWithParallelLoad_inst|HAS:HAS_inst[3]   ; work         ;
;       |HAS:HAS_inst[4]|                                   ; 1 (1)             ; 0 (0)        ; 0           ; 0            ; 0       ; 0         ; 0    ; 0            ; |Stack7_20|CounterWithParallelLoad:CounterWithParallelLoad_inst|HAS:HAS_inst[4]   ; work         ;
;       |HAS:HAS_inst[5]|                                   ; 3 (3)             ; 0 (0)        ; 0           ; 0            ; 0       ; 0         ; 0    ; 0            ; |Stack7_20|CounterWithParallelLoad:CounterWithParallelLoad_inst|HAS:HAS_inst[5]   ; work         ;
;       |HAS:HAS_inst[6]|                                   ; 1 (1)             ; 0 (0)        ; 0           ; 0            ; 0       ; 0         ; 0    ; 0            ; |Stack7_20|CounterWithParallelLoad:CounterWithParallelLoad_inst|HAS:HAS_inst[6]   ; work         ;
;    |SRwPL_stack:SRwPL_stack_inst[0]|                      ; 40 (0)            ; 0 (0)        ; 0           ; 0            ; 0       ; 0         ; 0    ; 0            ; |Stack7_20|SRwPL_stack:SRwPL_stack_inst[0]                                        ; work         ;
;       |D_ff:D[0]|                                         ; 5 (5)             ; 0 (0)        ; 0           ; 0            ; 0       ; 0         ; 0    ; 0            ; |Stack7_20|SRwPL_stack:SRwPL_stack_inst[0]|D_ff:D[0]                              ; work         ;
;       |D_ff:D[1]|                                         ; 5 (5)             ; 0 (0)        ; 0           ; 0            ; 0       ; 0         ; 0    ; 0            ; |Stack7_20|SRwPL_stack:SRwPL_stack_inst[0]|D_ff:D[1]                              ; work         ;
;       |D_ff:D[2]|                                         ; 5 (5)             ; 0 (0)        ; 0           ; 0            ; 0       ; 0         ; 0    ; 0            ; |Stack7_20|SRwPL_stack:SRwPL_stack_inst[0]|D_ff:D[2]                              ; work         ;
;       |D_ff:D[3]|                                         ; 5 (5)             ; 0 (0)        ; 0           ; 0            ; 0       ; 0         ; 0    ; 0            ; |Stack7_20|SRwPL_stack:SRwPL_stack_inst[0]|D_ff:D[3]                              ; work         ;
;       |D_ff:D[4]|                                         ; 5 (5)             ; 0 (0)        ; 0           ; 0            ; 0       ; 0         ; 0    ; 0            ; |Stack7_20|SRwPL_stack:SRwPL_stack_inst[0]|D_ff:D[4]                              ; work         ;
;       |D_ff:D[5]|                                         ; 5 (5)             ; 0 (0)        ; 0           ; 0            ; 0       ; 0         ; 0    ; 0            ; |Stack7_20|SRwPL_stack:SRwPL_stack_inst[0]|D_ff:D[5]                              ; work         ;
;       |D_ff:D[6]|                                         ; 5 (5)             ; 0 (0)        ; 0           ; 0            ; 0       ; 0         ; 0    ; 0            ; |Stack7_20|SRwPL_stack:SRwPL_stack_inst[0]|D_ff:D[6]                              ; work         ;
;       |D_ff:D[7]|                                         ; 5 (5)             ; 0 (0)        ; 0           ; 0            ; 0       ; 0         ; 0    ; 0            ; |Stack7_20|SRwPL_stack:SRwPL_stack_inst[0]|D_ff:D[7]                              ; work         ;
;    |SRwPL_stack:SRwPL_stack_inst[1]|                      ; 39 (0)            ; 0 (0)        ; 0           ; 0            ; 0       ; 0         ; 0    ; 0            ; |Stack7_20|SRwPL_stack:SRwPL_stack_inst[1]                                        ; work         ;
;       |D_ff:D[0]|                                         ; 4 (4)             ; 0 (0)        ; 0           ; 0            ; 0       ; 0         ; 0    ; 0            ; |Stack7_20|SRwPL_stack:SRwPL_stack_inst[1]|D_ff:D[0]                              ; work         ;
;       |D_ff:D[1]|                                         ; 5 (5)             ; 0 (0)        ; 0           ; 0            ; 0       ; 0         ; 0    ; 0            ; |Stack7_20|SRwPL_stack:SRwPL_stack_inst[1]|D_ff:D[1]                              ; work         ;
;       |D_ff:D[2]|                                         ; 5 (5)             ; 0 (0)        ; 0           ; 0            ; 0       ; 0         ; 0    ; 0            ; |Stack7_20|SRwPL_stack:SRwPL_stack_inst[1]|D_ff:D[2]                              ; work         ;
;       |D_ff:D[3]|                                         ; 5 (5)             ; 0 (0)        ; 0           ; 0            ; 0       ; 0         ; 0    ; 0            ; |Stack7_20|SRwPL_stack:SRwPL_stack_inst[1]|D_ff:D[3]                              ; work         ;
;       |D_ff:D[4]|                                         ; 5 (5)             ; 0 (0)        ; 0           ; 0            ; 0       ; 0         ; 0    ; 0            ; |Stack7_20|SRwPL_stack:SRwPL_stack_inst[1]|D_ff:D[4]                              ; work         ;
;       |D_ff:D[5]|                                         ; 5 (5)             ; 0 (0)        ; 0           ; 0            ; 0       ; 0         ; 0    ; 0            ; |Stack7_20|SRwPL_stack:SRwPL_stack_inst[1]|D_ff:D[5]                              ; work         ;
;       |D_ff:D[6]|                                         ; 5 (5)             ; 0 (0)        ; 0           ; 0            ; 0       ; 0         ; 0    ; 0            ; |Stack7_20|SRwPL_stack:SRwPL_stack_inst[1]|D_ff:D[6]                              ; work         ;
;       |D_ff:D[7]|                                         ; 5 (5)             ; 0 (0)        ; 0           ; 0            ; 0       ; 0         ; 0    ; 0            ; |Stack7_20|SRwPL_stack:SRwPL_stack_inst[1]|D_ff:D[7]                              ; work         ;
;    |SRwPL_stack:SRwPL_stack_inst[2]|                      ; 39 (0)            ; 0 (0)        ; 0           ; 0            ; 0       ; 0         ; 0    ; 0            ; |Stack7_20|SRwPL_stack:SRwPL_stack_inst[2]                                        ; work         ;
;       |D_ff:D[0]|                                         ; 4 (4)             ; 0 (0)        ; 0           ; 0            ; 0       ; 0         ; 0    ; 0            ; |Stack7_20|SRwPL_stack:SRwPL_stack_inst[2]|D_ff:D[0]                              ; work         ;
;       |D_ff:D[1]|                                         ; 5 (5)             ; 0 (0)        ; 0           ; 0            ; 0       ; 0         ; 0    ; 0            ; |Stack7_20|SRwPL_stack:SRwPL_stack_inst[2]|D_ff:D[1]                              ; work         ;
;       |D_ff:D[2]|                                         ; 5 (5)             ; 0 (0)        ; 0           ; 0            ; 0       ; 0         ; 0    ; 0            ; |Stack7_20|SRwPL_stack:SRwPL_stack_inst[2]|D_ff:D[2]                              ; work         ;
;       |D_ff:D[3]|                                         ; 5 (5)             ; 0 (0)        ; 0           ; 0            ; 0       ; 0         ; 0    ; 0            ; |Stack7_20|SRwPL_stack:SRwPL_stack_inst[2]|D_ff:D[3]                              ; work         ;
;       |D_ff:D[4]|                                         ; 5 (5)             ; 0 (0)        ; 0           ; 0            ; 0       ; 0         ; 0    ; 0            ; |Stack7_20|SRwPL_stack:SRwPL_stack_inst[2]|D_ff:D[4]                              ; work         ;
;       |D_ff:D[5]|                                         ; 5 (5)             ; 0 (0)        ; 0           ; 0            ; 0       ; 0         ; 0    ; 0            ; |Stack7_20|SRwPL_stack:SRwPL_stack_inst[2]|D_ff:D[5]                              ; work         ;
;       |D_ff:D[6]|                                         ; 5 (5)             ; 0 (0)        ; 0           ; 0            ; 0       ; 0         ; 0    ; 0            ; |Stack7_20|SRwPL_stack:SRwPL_stack_inst[2]|D_ff:D[6]                              ; work         ;
;       |D_ff:D[7]|                                         ; 5 (5)             ; 0 (0)        ; 0           ; 0            ; 0       ; 0         ; 0    ; 0            ; |Stack7_20|SRwPL_stack:SRwPL_stack_inst[2]|D_ff:D[7]                              ; work         ;
;    |SRwPL_stack:SRwPL_stack_inst[3]|                      ; 39 (0)            ; 0 (0)        ; 0           ; 0            ; 0       ; 0         ; 0    ; 0            ; |Stack7_20|SRwPL_stack:SRwPL_stack_inst[3]                                        ; work         ;
;       |D_ff:D[0]|                                         ; 4 (4)             ; 0 (0)        ; 0           ; 0            ; 0       ; 0         ; 0    ; 0            ; |Stack7_20|SRwPL_stack:SRwPL_stack_inst[3]|D_ff:D[0]                              ; work         ;
;       |D_ff:D[1]|                                         ; 5 (5)             ; 0 (0)        ; 0           ; 0            ; 0       ; 0         ; 0    ; 0            ; |Stack7_20|SRwPL_stack:SRwPL_stack_inst[3]|D_ff:D[1]                              ; work         ;
;       |D_ff:D[2]|                                         ; 5 (5)             ; 0 (0)        ; 0           ; 0            ; 0       ; 0         ; 0    ; 0            ; |Stack7_20|SRwPL_stack:SRwPL_stack_inst[3]|D_ff:D[2]                              ; work         ;
;       |D_ff:D[3]|                                         ; 5 (5)             ; 0 (0)        ; 0           ; 0            ; 0       ; 0         ; 0    ; 0            ; |Stack7_20|SRwPL_stack:SRwPL_stack_inst[3]|D_ff:D[3]                              ; work         ;
;       |D_ff:D[4]|                                         ; 5 (5)             ; 0 (0)        ; 0           ; 0            ; 0       ; 0         ; 0    ; 0            ; |Stack7_20|SRwPL_stack:SRwPL_stack_inst[3]|D_ff:D[4]                              ; work         ;
;       |D_ff:D[5]|                                         ; 5 (5)             ; 0 (0)        ; 0           ; 0            ; 0       ; 0         ; 0    ; 0            ; |Stack7_20|SRwPL_stack:SRwPL_stack_inst[3]|D_ff:D[5]                              ; work         ;
;       |D_ff:D[6]|                                         ; 5 (5)             ; 0 (0)        ; 0           ; 0            ; 0       ; 0         ; 0    ; 0            ; |Stack7_20|SRwPL_stack:SRwPL_stack_inst[3]|D_ff:D[6]                              ; work         ;
;       |D_ff:D[7]|                                         ; 5 (5)             ; 0 (0)        ; 0           ; 0            ; 0       ; 0         ; 0    ; 0            ; |Stack7_20|SRwPL_stack:SRwPL_stack_inst[3]|D_ff:D[7]                              ; work         ;
;    |SRwPL_stack:SRwPL_stack_inst[4]|                      ; 39 (0)            ; 0 (0)        ; 0           ; 0            ; 0       ; 0         ; 0    ; 0            ; |Stack7_20|SRwPL_stack:SRwPL_stack_inst[4]                                        ; work         ;
;       |D_ff:D[0]|                                         ; 4 (4)             ; 0 (0)        ; 0           ; 0            ; 0       ; 0         ; 0    ; 0            ; |Stack7_20|SRwPL_stack:SRwPL_stack_inst[4]|D_ff:D[0]                              ; work         ;
;       |D_ff:D[1]|                                         ; 5 (5)             ; 0 (0)        ; 0           ; 0            ; 0       ; 0         ; 0    ; 0            ; |Stack7_20|SRwPL_stack:SRwPL_stack_inst[4]|D_ff:D[1]                              ; work         ;
;       |D_ff:D[2]|                                         ; 5 (5)             ; 0 (0)        ; 0           ; 0            ; 0       ; 0         ; 0    ; 0            ; |Stack7_20|SRwPL_stack:SRwPL_stack_inst[4]|D_ff:D[2]                              ; work         ;
;       |D_ff:D[3]|                                         ; 5 (5)             ; 0 (0)        ; 0           ; 0            ; 0       ; 0         ; 0    ; 0            ; |Stack7_20|SRwPL_stack:SRwPL_stack_inst[4]|D_ff:D[3]                              ; work         ;
;       |D_ff:D[4]|                                         ; 5 (5)             ; 0 (0)        ; 0           ; 0            ; 0       ; 0         ; 0    ; 0            ; |Stack7_20|SRwPL_stack:SRwPL_stack_inst[4]|D_ff:D[4]                              ; work         ;
;       |D_ff:D[5]|                                         ; 5 (5)             ; 0 (0)        ; 0           ; 0            ; 0       ; 0         ; 0    ; 0            ; |Stack7_20|SRwPL_stack:SRwPL_stack_inst[4]|D_ff:D[5]                              ; work         ;
;       |D_ff:D[6]|                                         ; 5 (5)             ; 0 (0)        ; 0           ; 0            ; 0       ; 0         ; 0    ; 0            ; |Stack7_20|SRwPL_stack:SRwPL_stack_inst[4]|D_ff:D[6]                              ; work         ;
;       |D_ff:D[7]|                                         ; 5 (5)             ; 0 (0)        ; 0           ; 0            ; 0       ; 0         ; 0    ; 0            ; |Stack7_20|SRwPL_stack:SRwPL_stack_inst[4]|D_ff:D[7]                              ; work         ;
;    |SRwPL_stack:SRwPL_stack_inst[5]|                      ; 39 (0)            ; 0 (0)        ; 0           ; 0            ; 0       ; 0         ; 0    ; 0            ; |Stack7_20|SRwPL_stack:SRwPL_stack_inst[5]                                        ; work         ;
;       |D_ff:D[0]|                                         ; 4 (4)             ; 0 (0)        ; 0           ; 0            ; 0       ; 0         ; 0    ; 0            ; |Stack7_20|SRwPL_stack:SRwPL_stack_inst[5]|D_ff:D[0]                              ; work         ;
;       |D_ff:D[1]|                                         ; 5 (5)             ; 0 (0)        ; 0           ; 0            ; 0       ; 0         ; 0    ; 0            ; |Stack7_20|SRwPL_stack:SRwPL_stack_inst[5]|D_ff:D[1]                              ; work         ;
;       |D_ff:D[2]|                                         ; 5 (5)             ; 0 (0)        ; 0           ; 0            ; 0       ; 0         ; 0    ; 0            ; |Stack7_20|SRwPL_stack:SRwPL_stack_inst[5]|D_ff:D[2]                              ; work         ;
;       |D_ff:D[3]|                                         ; 5 (5)             ; 0 (0)        ; 0           ; 0            ; 0       ; 0         ; 0    ; 0            ; |Stack7_20|SRwPL_stack:SRwPL_stack_inst[5]|D_ff:D[3]                              ; work         ;
;       |D_ff:D[4]|                                         ; 5 (5)             ; 0 (0)        ; 0           ; 0            ; 0       ; 0         ; 0    ; 0            ; |Stack7_20|SRwPL_stack:SRwPL_stack_inst[5]|D_ff:D[4]                              ; work         ;
;       |D_ff:D[5]|                                         ; 5 (5)             ; 0 (0)        ; 0           ; 0            ; 0       ; 0         ; 0    ; 0            ; |Stack7_20|SRwPL_stack:SRwPL_stack_inst[5]|D_ff:D[5]                              ; work         ;
;       |D_ff:D[6]|                                         ; 5 (5)             ; 0 (0)        ; 0           ; 0            ; 0       ; 0         ; 0    ; 0            ; |Stack7_20|SRwPL_stack:SRwPL_stack_inst[5]|D_ff:D[6]                              ; work         ;
;       |D_ff:D[7]|                                         ; 5 (5)             ; 0 (0)        ; 0           ; 0            ; 0       ; 0         ; 0    ; 0            ; |Stack7_20|SRwPL_stack:SRwPL_stack_inst[5]|D_ff:D[7]                              ; work         ;
;    |SRwPL_stack:SRwPL_stack_inst[6]|                      ; 39 (0)            ; 0 (0)        ; 0           ; 0            ; 0       ; 0         ; 0    ; 0            ; |Stack7_20|SRwPL_stack:SRwPL_stack_inst[6]                                        ; work         ;
;       |D_ff:D[0]|                                         ; 4 (4)             ; 0 (0)        ; 0           ; 0            ; 0       ; 0         ; 0    ; 0            ; |Stack7_20|SRwPL_stack:SRwPL_stack_inst[6]|D_ff:D[0]                              ; work         ;
;       |D_ff:D[1]|                                         ; 5 (5)             ; 0 (0)        ; 0           ; 0            ; 0       ; 0         ; 0    ; 0            ; |Stack7_20|SRwPL_stack:SRwPL_stack_inst[6]|D_ff:D[1]                              ; work         ;
;       |D_ff:D[2]|                                         ; 5 (5)             ; 0 (0)        ; 0           ; 0            ; 0       ; 0         ; 0    ; 0            ; |Stack7_20|SRwPL_stack:SRwPL_stack_inst[6]|D_ff:D[2]                              ; work         ;
;       |D_ff:D[3]|                                         ; 5 (5)             ; 0 (0)        ; 0           ; 0            ; 0       ; 0         ; 0    ; 0            ; |Stack7_20|SRwPL_stack:SRwPL_stack_inst[6]|D_ff:D[3]                              ; work         ;
;       |D_ff:D[4]|                                         ; 5 (5)             ; 0 (0)        ; 0           ; 0            ; 0       ; 0         ; 0    ; 0            ; |Stack7_20|SRwPL_stack:SRwPL_stack_inst[6]|D_ff:D[4]                              ; work         ;
;       |D_ff:D[5]|                                         ; 5 (5)             ; 0 (0)        ; 0           ; 0            ; 0       ; 0         ; 0    ; 0            ; |Stack7_20|SRwPL_stack:SRwPL_stack_inst[6]|D_ff:D[5]                              ; work         ;
;       |D_ff:D[6]|                                         ; 5 (5)             ; 0 (0)        ; 0           ; 0            ; 0       ; 0         ; 0    ; 0            ; |Stack7_20|SRwPL_stack:SRwPL_stack_inst[6]|D_ff:D[6]                              ; work         ;
;       |D_ff:D[7]|                                         ; 5 (5)             ; 0 (0)        ; 0           ; 0            ; 0       ; 0         ; 0    ; 0            ; |Stack7_20|SRwPL_stack:SRwPL_stack_inst[6]|D_ff:D[7]                              ; work         ;
;    |SRwPL_stack:SRwPL_stack_inst[7]|                      ; 39 (0)            ; 0 (0)        ; 0           ; 0            ; 0       ; 0         ; 0    ; 0            ; |Stack7_20|SRwPL_stack:SRwPL_stack_inst[7]                                        ; work         ;
;       |D_ff:D[0]|                                         ; 4 (4)             ; 0 (0)        ; 0           ; 0            ; 0       ; 0         ; 0    ; 0            ; |Stack7_20|SRwPL_stack:SRwPL_stack_inst[7]|D_ff:D[0]                              ; work         ;
;       |D_ff:D[1]|                                         ; 5 (5)             ; 0 (0)        ; 0           ; 0            ; 0       ; 0         ; 0    ; 0            ; |Stack7_20|SRwPL_stack:SRwPL_stack_inst[7]|D_ff:D[1]                              ; work         ;
;       |D_ff:D[2]|                                         ; 5 (5)             ; 0 (0)        ; 0           ; 0            ; 0       ; 0         ; 0    ; 0            ; |Stack7_20|SRwPL_stack:SRwPL_stack_inst[7]|D_ff:D[2]                              ; work         ;
;       |D_ff:D[3]|                                         ; 5 (5)             ; 0 (0)        ; 0           ; 0            ; 0       ; 0         ; 0    ; 0            ; |Stack7_20|SRwPL_stack:SRwPL_stack_inst[7]|D_ff:D[3]                              ; work         ;
;       |D_ff:D[4]|                                         ; 5 (5)             ; 0 (0)        ; 0           ; 0            ; 0       ; 0         ; 0    ; 0            ; |Stack7_20|SRwPL_stack:SRwPL_stack_inst[7]|D_ff:D[4]                              ; work         ;
;       |D_ff:D[5]|                                         ; 5 (5)             ; 0 (0)        ; 0           ; 0            ; 0       ; 0         ; 0    ; 0            ; |Stack7_20|SRwPL_stack:SRwPL_stack_inst[7]|D_ff:D[5]                              ; work         ;
;       |D_ff:D[6]|                                         ; 5 (5)             ; 0 (0)        ; 0           ; 0            ; 0       ; 0         ; 0    ; 0            ; |Stack7_20|SRwPL_stack:SRwPL_stack_inst[7]|D_ff:D[6]                              ; work         ;
;       |D_ff:D[7]|                                         ; 5 (5)             ; 0 (0)        ; 0           ; 0            ; 0       ; 0         ; 0    ; 0            ; |Stack7_20|SRwPL_stack:SRwPL_stack_inst[7]|D_ff:D[7]                              ; work         ;
+-----------------------------------------------------------+-------------------+--------------+-------------+--------------+---------+-----------+------+--------------+-----------------------------------------------------------------------------------+--------------+
Note: For table entries with two numbers listed, the numbers in parentheses indicate the number of resources of the given type used by the specific entity alone. The numbers listed outside of parentheses indicate the total resources of the given type used by the specific entity and all of its sub-entities in the hierarchy.


+--------------------------------------------------------------------------------------+
; Logic Cells Representing Combinational Loops                                         ;
+--------------------------------------------------------------------------------+-----+
; Logic Cell Name                                                                ;     ;
+--------------------------------------------------------------------------------+-----+
; CounterWithParallelLoad:CounterWithParallelLoad_inst|D_ff:D_ff_inst[0]|Qout~0  ;     ;
; CounterWithParallelLoad:CounterWithParallelLoad_inst|D_ff:D_ff_inst[1]|Qout~0  ;     ;
; CounterWithParallelLoad:CounterWithParallelLoad_inst|D_ff:D_ff_inst[2]|Qout~0  ;     ;
; CounterWithParallelLoad:CounterWithParallelLoad_inst|D_ff:D_ff_inst[3]|Qout~0  ;     ;
; CounterWithParallelLoad:CounterWithParallelLoad_inst|D_ff:D_ff_inst[4]|Qout~0  ;     ;
; CounterWithParallelLoad:CounterWithParallelLoad_inst|D_ff:D_ff_inst[5]|Qout~0  ;     ;
; CounterWithParallelLoad:CounterWithParallelLoad_inst|D_ff:D_ff_inst[6]|Qout~0  ;     ;
; CounterWithParallelLoad:CounterWithParallelLoad_inst|D_ff:D_ff_inst[7]|Qout~0  ;     ;
; SRwPL_stack:SRwPL_stack_inst[0]|D_ff:D[7]|Qout~0                               ;     ;
; SRwPL_stack:SRwPL_stack_inst[1]|D_ff:D[7]|Qout~0                               ;     ;
; SRwPL_stack:SRwPL_stack_inst[2]|D_ff:D[7]|Qout~0                               ;     ;
; SRwPL_stack:SRwPL_stack_inst[3]|D_ff:D[7]|Qout~0                               ;     ;
; SRwPL_stack:SRwPL_stack_inst[4]|D_ff:D[7]|Qout~0                               ;     ;
; SRwPL_stack:SRwPL_stack_inst[5]|D_ff:D[7]|Qout~0                               ;     ;
; SRwPL_stack:SRwPL_stack_inst[6]|D_ff:D[7]|Qout~0                               ;     ;
; SRwPL_stack:SRwPL_stack_inst[7]|D_ff:D[7]|Qout~0                               ;     ;
; CounterWithParallelLoad:CounterWithParallelLoad_inst|D_ff:D_ff_inst[0]|nand0~0 ;     ;
; CounterWithParallelLoad:CounterWithParallelLoad_inst|D_ff:D_ff_inst[0]|nand0~1 ;     ;
; CounterWithParallelLoad:CounterWithParallelLoad_inst|D_ff:D_ff_inst[1]|nand0~0 ;     ;
; CounterWithParallelLoad:CounterWithParallelLoad_inst|D_ff:D_ff_inst[1]|nand0~1 ;     ;
; CounterWithParallelLoad:CounterWithParallelLoad_inst|D_ff:D_ff_inst[2]|nand0~0 ;     ;
; CounterWithParallelLoad:CounterWithParallelLoad_inst|D_ff:D_ff_inst[2]|nand0~1 ;     ;
; CounterWithParallelLoad:CounterWithParallelLoad_inst|D_ff:D_ff_inst[3]|nand0~0 ;     ;
; CounterWithParallelLoad:CounterWithParallelLoad_inst|D_ff:D_ff_inst[3]|nand0~1 ;     ;
; CounterWithParallelLoad:CounterWithParallelLoad_inst|D_ff:D_ff_inst[4]|nand0~0 ;     ;
; CounterWithParallelLoad:CounterWithParallelLoad_inst|D_ff:D_ff_inst[4]|nand0~1 ;     ;
; CounterWithParallelLoad:CounterWithParallelLoad_inst|D_ff:D_ff_inst[5]|nand0~0 ;     ;
; CounterWithParallelLoad:CounterWithParallelLoad_inst|D_ff:D_ff_inst[5]|nand0~1 ;     ;
; CounterWithParallelLoad:CounterWithParallelLoad_inst|D_ff:D_ff_inst[6]|nand0~0 ;     ;
; CounterWithParallelLoad:CounterWithParallelLoad_inst|D_ff:D_ff_inst[6]|nand0~1 ;     ;
; CounterWithParallelLoad:CounterWithParallelLoad_inst|D_ff:D_ff_inst[7]|nand0~0 ;     ;
; CounterWithParallelLoad:CounterWithParallelLoad_inst|D_ff:D_ff_inst[7]|nand0~1 ;     ;
; SRwPL_stack:SRwPL_stack_inst[0]|D_ff:D[7]|nand0~0                              ;     ;
; SRwPL_stack:SRwPL_stack_inst[0]|D_ff:D[7]|nand0~1                              ;     ;
; SRwPL_stack:SRwPL_stack_inst[1]|D_ff:D[7]|nand0~0                              ;     ;
; SRwPL_stack:SRwPL_stack_inst[1]|D_ff:D[7]|nand0~1                              ;     ;
; SRwPL_stack:SRwPL_stack_inst[2]|D_ff:D[7]|nand0~0                              ;     ;
; SRwPL_stack:SRwPL_stack_inst[2]|D_ff:D[7]|nand0~1                              ;     ;
; SRwPL_stack:SRwPL_stack_inst[3]|D_ff:D[7]|nand0~0                              ;     ;
; SRwPL_stack:SRwPL_stack_inst[3]|D_ff:D[7]|nand0~1                              ;     ;
; SRwPL_stack:SRwPL_stack_inst[4]|D_ff:D[7]|nand0~0                              ;     ;
; SRwPL_stack:SRwPL_stack_inst[4]|D_ff:D[7]|nand0~1                              ;     ;
; SRwPL_stack:SRwPL_stack_inst[5]|D_ff:D[7]|nand0~0                              ;     ;
; SRwPL_stack:SRwPL_stack_inst[5]|D_ff:D[7]|nand0~1                              ;     ;
; SRwPL_stack:SRwPL_stack_inst[6]|D_ff:D[7]|nand0~0                              ;     ;
; SRwPL_stack:SRwPL_stack_inst[6]|D_ff:D[7]|nand0~1                              ;     ;
; SRwPL_stack:SRwPL_stack_inst[7]|D_ff:D[7]|nand0~0                              ;     ;
; SRwPL_stack:SRwPL_stack_inst[7]|D_ff:D[7]|nand0~1                              ;     ;
; SRwPL_stack:SRwPL_stack_inst[0]|D_ff:D[6]|Qout~0                               ;     ;
; SRwPL_stack:SRwPL_stack_inst[1]|D_ff:D[6]|Qout~0                               ;     ;
; SRwPL_stack:SRwPL_stack_inst[2]|D_ff:D[6]|Qout~0                               ;     ;
; SRwPL_stack:SRwPL_stack_inst[3]|D_ff:D[6]|Qout~0                               ;     ;
; SRwPL_stack:SRwPL_stack_inst[4]|D_ff:D[6]|Qout~0                               ;     ;
; SRwPL_stack:SRwPL_stack_inst[5]|D_ff:D[6]|Qout~0                               ;     ;
; SRwPL_stack:SRwPL_stack_inst[6]|D_ff:D[6]|Qout~0                               ;     ;
; SRwPL_stack:SRwPL_stack_inst[7]|D_ff:D[6]|Qout~0                               ;     ;
; SRwPL_stack:SRwPL_stack_inst[0]|D_ff:D[6]|nand0~0                              ;     ;
; SRwPL_stack:SRwPL_stack_inst[0]|D_ff:D[6]|nand0~1                              ;     ;
; SRwPL_stack:SRwPL_stack_inst[1]|D_ff:D[6]|nand0~0                              ;     ;
; SRwPL_stack:SRwPL_stack_inst[1]|D_ff:D[6]|nand0~1                              ;     ;
; SRwPL_stack:SRwPL_stack_inst[2]|D_ff:D[6]|nand0~0                              ;     ;
; SRwPL_stack:SRwPL_stack_inst[2]|D_ff:D[6]|nand0~1                              ;     ;
; SRwPL_stack:SRwPL_stack_inst[3]|D_ff:D[6]|nand0~0                              ;     ;
; SRwPL_stack:SRwPL_stack_inst[3]|D_ff:D[6]|nand0~1                              ;     ;
; SRwPL_stack:SRwPL_stack_inst[4]|D_ff:D[6]|nand0~0                              ;     ;
; SRwPL_stack:SRwPL_stack_inst[4]|D_ff:D[6]|nand0~1                              ;     ;
; SRwPL_stack:SRwPL_stack_inst[5]|D_ff:D[6]|nand0~0                              ;     ;
; SRwPL_stack:SRwPL_stack_inst[5]|D_ff:D[6]|nand0~1                              ;     ;
; SRwPL_stack:SRwPL_stack_inst[6]|D_ff:D[6]|nand0~0                              ;     ;
; SRwPL_stack:SRwPL_stack_inst[6]|D_ff:D[6]|nand0~1                              ;     ;
; SRwPL_stack:SRwPL_stack_inst[7]|D_ff:D[6]|nand0~0                              ;     ;
; SRwPL_stack:SRwPL_stack_inst[7]|D_ff:D[6]|nand0~1                              ;     ;
; SRwPL_stack:SRwPL_stack_inst[0]|D_ff:D[5]|Qout~0                               ;     ;
; SRwPL_stack:SRwPL_stack_inst[1]|D_ff:D[5]|Qout~0                               ;     ;
; SRwPL_stack:SRwPL_stack_inst[2]|D_ff:D[5]|Qout~0                               ;     ;
; SRwPL_stack:SRwPL_stack_inst[3]|D_ff:D[5]|Qout~0                               ;     ;
; SRwPL_stack:SRwPL_stack_inst[4]|D_ff:D[5]|Qout~0                               ;     ;
; SRwPL_stack:SRwPL_stack_inst[5]|D_ff:D[5]|Qout~0                               ;     ;
; SRwPL_stack:SRwPL_stack_inst[6]|D_ff:D[5]|Qout~0                               ;     ;
; SRwPL_stack:SRwPL_stack_inst[7]|D_ff:D[5]|Qout~0                               ;     ;
; SRwPL_stack:SRwPL_stack_inst[0]|D_ff:D[5]|nand0~0                              ;     ;
; SRwPL_stack:SRwPL_stack_inst[0]|D_ff:D[5]|nand0~1                              ;     ;
; SRwPL_stack:SRwPL_stack_inst[1]|D_ff:D[5]|nand0~0                              ;     ;
; SRwPL_stack:SRwPL_stack_inst[1]|D_ff:D[5]|nand0~1                              ;     ;
; SRwPL_stack:SRwPL_stack_inst[2]|D_ff:D[5]|nand0~0                              ;     ;
; SRwPL_stack:SRwPL_stack_inst[2]|D_ff:D[5]|nand0~1                              ;     ;
; SRwPL_stack:SRwPL_stack_inst[3]|D_ff:D[5]|nand0~0                              ;     ;
; SRwPL_stack:SRwPL_stack_inst[3]|D_ff:D[5]|nand0~1                              ;     ;
; SRwPL_stack:SRwPL_stack_inst[4]|D_ff:D[5]|nand0~0                              ;     ;
; SRwPL_stack:SRwPL_stack_inst[4]|D_ff:D[5]|nand0~1                              ;     ;
; SRwPL_stack:SRwPL_stack_inst[5]|D_ff:D[5]|nand0~0                              ;     ;
; SRwPL_stack:SRwPL_stack_inst[5]|D_ff:D[5]|nand0~1                              ;     ;
; SRwPL_stack:SRwPL_stack_inst[6]|D_ff:D[5]|nand0~0                              ;     ;
; SRwPL_stack:SRwPL_stack_inst[6]|D_ff:D[5]|nand0~1                              ;     ;
; SRwPL_stack:SRwPL_stack_inst[7]|D_ff:D[5]|nand0~0                              ;     ;
; SRwPL_stack:SRwPL_stack_inst[7]|D_ff:D[5]|nand0~1                              ;     ;
; SRwPL_stack:SRwPL_stack_inst[0]|D_ff:D[4]|Qout~0                               ;     ;
; SRwPL_stack:SRwPL_stack_inst[1]|D_ff:D[4]|Qout~0                               ;     ;
; SRwPL_stack:SRwPL_stack_inst[2]|D_ff:D[4]|Qout~0                               ;     ;
; SRwPL_stack:SRwPL_stack_inst[3]|D_ff:D[4]|Qout~0                               ;     ;
; Number of logic cells representing combinational loops                         ; 216 ;
+--------------------------------------------------------------------------------+-----+
Table restricted to first 100 entries. Note: All cells listed above may not be present at the end of synthesis due to various synthesis optimizations.


+------------------------------------------------------+
; General Register Statistics                          ;
+----------------------------------------------+-------+
; Statistic                                    ; Value ;
+----------------------------------------------+-------+
; Total registers                              ; 0     ;
; Number of registers using Synchronous Clear  ; 0     ;
; Number of registers using Synchronous Load   ; 0     ;
; Number of registers using Asynchronous Clear ; 0     ;
; Number of registers using Asynchronous Load  ; 0     ;
; Number of registers using Clock Enable       ; 0     ;
; Number of registers using Preset             ; 0     ;
+----------------------------------------------+-------+


+---------------------------------------------------------------------------+
; Parameter Settings for User Entity Instance: Top-level Entity: |Stack7_20 ;
+----------------+-------+--------------------------------------------------+
; Parameter Name ; Value ; Type                                             ;
+----------------+-------+--------------------------------------------------+
; N              ; 7     ; Signed Integer                                   ;
+----------------+-------+--------------------------------------------------+
Note: In order to hide this table in the UI and the text report file, please set the "Show Parameter Settings in Synthesis Report" option in "Analysis and Synthesis Settings -> More Settings" to "Off".


+------------------------------------------------------------------------------+
; Parameter Settings for User Entity Instance: SRwPL_stack:SRwPL_stack_inst[0] ;
+----------------+-------+-----------------------------------------------------+
; Parameter Name ; Value ; Type                                                ;
+----------------+-------+-----------------------------------------------------+
; N              ; 8     ; Signed Integer                                      ;
+----------------+-------+-----------------------------------------------------+
Note: In order to hide this table in the UI and the text report file, please set the "Show Parameter Settings in Synthesis Report" option in "Analysis and Synthesis Settings -> More Settings" to "Off".


+------------------------------------------------------------------------------+
; Parameter Settings for User Entity Instance: SRwPL_stack:SRwPL_stack_inst[1] ;
+----------------+-------+-----------------------------------------------------+
; Parameter Name ; Value ; Type                                                ;
+----------------+-------+-----------------------------------------------------+
; N              ; 8     ; Signed Integer                                      ;
+----------------+-------+-----------------------------------------------------+
Note: In order to hide this table in the UI and the text report file, please set the "Show Parameter Settings in Synthesis Report" option in "Analysis and Synthesis Settings -> More Settings" to "Off".


+------------------------------------------------------------------------------+
; Parameter Settings for User Entity Instance: SRwPL_stack:SRwPL_stack_inst[2] ;
+----------------+-------+-----------------------------------------------------+
; Parameter Name ; Value ; Type                                                ;
+----------------+-------+-----------------------------------------------------+
; N              ; 8     ; Signed Integer                                      ;
+----------------+-------+-----------------------------------------------------+
Note: In order to hide this table in the UI and the text report file, please set the "Show Parameter Settings in Synthesis Report" option in "Analysis and Synthesis Settings -> More Settings" to "Off".


+------------------------------------------------------------------------------+
; Parameter Settings for User Entity Instance: SRwPL_stack:SRwPL_stack_inst[3] ;
+----------------+-------+-----------------------------------------------------+
; Parameter Name ; Value ; Type                                                ;
+----------------+-------+-----------------------------------------------------+
; N              ; 8     ; Signed Integer                                      ;
+----------------+-------+-----------------------------------------------------+
Note: In order to hide this table in the UI and the text report file, please set the "Show Parameter Settings in Synthesis Report" option in "Analysis and Synthesis Settings -> More Settings" to "Off".


+------------------------------------------------------------------------------+
; Parameter Settings for User Entity Instance: SRwPL_stack:SRwPL_stack_inst[4] ;
+----------------+-------+-----------------------------------------------------+
; Parameter Name ; Value ; Type                                                ;
+----------------+-------+-----------------------------------------------------+
; N              ; 8     ; Signed Integer                                      ;
+----------------+-------+-----------------------------------------------------+
Note: In order to hide this table in the UI and the text report file, please set the "Show Parameter Settings in Synthesis Report" option in "Analysis and Synthesis Settings -> More Settings" to "Off".


+------------------------------------------------------------------------------+
; Parameter Settings for User Entity Instance: SRwPL_stack:SRwPL_stack_inst[5] ;
+----------------+-------+-----------------------------------------------------+
; Parameter Name ; Value ; Type                                                ;
+----------------+-------+-----------------------------------------------------+
; N              ; 8     ; Signed Integer                                      ;
+----------------+-------+-----------------------------------------------------+
Note: In order to hide this table in the UI and the text report file, please set the "Show Parameter Settings in Synthesis Report" option in "Analysis and Synthesis Settings -> More Settings" to "Off".


+------------------------------------------------------------------------------+
; Parameter Settings for User Entity Instance: SRwPL_stack:SRwPL_stack_inst[6] ;
+----------------+-------+-----------------------------------------------------+
; Parameter Name ; Value ; Type                                                ;
+----------------+-------+-----------------------------------------------------+
; N              ; 8     ; Signed Integer                                      ;
+----------------+-------+-----------------------------------------------------+
Note: In order to hide this table in the UI and the text report file, please set the "Show Parameter Settings in Synthesis Report" option in "Analysis and Synthesis Settings -> More Settings" to "Off".


+------------------------------------------------------------------------------+
; Parameter Settings for User Entity Instance: SRwPL_stack:SRwPL_stack_inst[7] ;
+----------------+-------+-----------------------------------------------------+
; Parameter Name ; Value ; Type                                                ;
+----------------+-------+-----------------------------------------------------+
; N              ; 8     ; Signed Integer                                      ;
+----------------+-------+-----------------------------------------------------+
Note: In order to hide this table in the UI and the text report file, please set the "Show Parameter Settings in Synthesis Report" option in "Analysis and Synthesis Settings -> More Settings" to "Off".


+---------------------------------------------------------------------------------------------------+
; Parameter Settings for User Entity Instance: CounterWithParallelLoad:CounterWithParallelLoad_inst ;
+----------------+-------+--------------------------------------------------------------------------+
; Parameter Name ; Value ; Type                                                                     ;
+----------------+-------+--------------------------------------------------------------------------+
; N              ; 11    ; Signed Integer                                                           ;
+----------------+-------+--------------------------------------------------------------------------+
Note: In order to hide this table in the UI and the text report file, please set the "Show Parameter Settings in Synthesis Report" option in "Analysis and Synthesis Settings -> More Settings" to "Off".


+---------------------------------------------------------------------------------------------------------------------+
; Port Connectivity Checks: "CounterWithParallelLoad:CounterWithParallelLoad_inst|HAS:HAS_inst[10]"                   ;
+-----------+--------+----------+-------------------------------------------------------------------------------------+
; Port      ; Type   ; Severity ; Details                                                                             ;
+-----------+--------+----------+-------------------------------------------------------------------------------------+
; carry_bit ; Output ; Info     ; Connected to dangling logic. Logic that only feeds a dangling port will be removed. ;
+-----------+--------+----------+-------------------------------------------------------------------------------------+


+-----------------------------------------------------------------------------------------------------------------------------------------------------------------------------+
; Port Connectivity Checks: "CounterWithParallelLoad:CounterWithParallelLoad_inst"                                                                                            ;
+-------+--------+----------+-------------------------------------------------------------------------------------------------------------------------------------------------+
; Port  ; Type   ; Severity ; Details                                                                                                                                         ;
+-------+--------+----------+-------------------------------------------------------------------------------------------------------------------------------------------------+
; OUT   ; Output ; Warning  ; Output or bidir port (11 bits) is wider than the port expression (8 bits) it drives; bit(s) "OUT[10..8]" have no fanouts                        ;
; value ; Input  ; Warning  ; Input port expression (8 bits) is smaller than the input port (11 bits) it drives.  Extra input bit(s) "value[10..8]" will be connected to GND. ;
; value ; Input  ; Info     ; Stuck at GND                                                                                                                                    ;
+-------+--------+----------+-------------------------------------------------------------------------------------------------------------------------------------------------+


+-------------------------------------------------------------+
; Port Connectivity Checks: "SRwPL_stack:SRwPL_stack_inst[7]" ;
+--------+--------+----------+--------------------------------+
; Port   ; Type   ; Severity ; Details                        ;
+--------+--------+----------+--------------------------------+
; OUT    ; Output ; Info     ; Explicitly unconnected         ;
; IN     ; Input  ; Info     ; Stuck at GND                   ;
; IRight ; Input  ; Info     ; Stuck at GND                   ;
+--------+--------+----------+--------------------------------+


+-------------------------------------------------------------+
; Port Connectivity Checks: "SRwPL_stack:SRwPL_stack_inst[6]" ;
+--------+--------+----------+--------------------------------+
; Port   ; Type   ; Severity ; Details                        ;
+--------+--------+----------+--------------------------------+
; OUT    ; Output ; Info     ; Explicitly unconnected         ;
; IN     ; Input  ; Info     ; Stuck at GND                   ;
; IRight ; Input  ; Info     ; Stuck at GND                   ;
+--------+--------+----------+--------------------------------+


+-------------------------------------------------------------+
; Port Connectivity Checks: "SRwPL_stack:SRwPL_stack_inst[5]" ;
+--------+--------+----------+--------------------------------+
; Port   ; Type   ; Severity ; Details                        ;
+--------+--------+----------+--------------------------------+
; OUT    ; Output ; Info     ; Explicitly unconnected         ;
; IN     ; Input  ; Info     ; Stuck at GND                   ;
; IRight ; Input  ; Info     ; Stuck at GND                   ;
+--------+--------+----------+--------------------------------+


+-------------------------------------------------------------+
; Port Connectivity Checks: "SRwPL_stack:SRwPL_stack_inst[4]" ;
+--------+--------+----------+--------------------------------+
; Port   ; Type   ; Severity ; Details                        ;
+--------+--------+----------+--------------------------------+
; OUT    ; Output ; Info     ; Explicitly unconnected         ;
; IN     ; Input  ; Info     ; Stuck at GND                   ;
; IRight ; Input  ; Info     ; Stuck at GND                   ;
+--------+--------+----------+--------------------------------+


+-------------------------------------------------------------+
; Port Connectivity Checks: "SRwPL_stack:SRwPL_stack_inst[3]" ;
+--------+--------+----------+--------------------------------+
; Port   ; Type   ; Severity ; Details                        ;
+--------+--------+----------+--------------------------------+
; OUT    ; Output ; Info     ; Explicitly unconnected         ;
; IN     ; Input  ; Info     ; Stuck at GND                   ;
; IRight ; Input  ; Info     ; Stuck at GND                   ;
+--------+--------+----------+--------------------------------+


+-------------------------------------------------------------+
; Port Connectivity Checks: "SRwPL_stack:SRwPL_stack_inst[2]" ;
+--------+--------+----------+--------------------------------+
; Port   ; Type   ; Severity ; Details                        ;
+--------+--------+----------+--------------------------------+
; OUT    ; Output ; Info     ; Explicitly unconnected         ;
; IN     ; Input  ; Info     ; Stuck at GND                   ;
; IRight ; Input  ; Info     ; Stuck at GND                   ;
+--------+--------+----------+--------------------------------+


+-------------------------------------------------------------+
; Port Connectivity Checks: "SRwPL_stack:SRwPL_stack_inst[1]" ;
+--------+--------+----------+--------------------------------+
; Port   ; Type   ; Severity ; Details                        ;
+--------+--------+----------+--------------------------------+
; OUT    ; Output ; Info     ; Explicitly unconnected         ;
; IN     ; Input  ; Info     ; Stuck at GND                   ;
; IRight ; Input  ; Info     ; Stuck at GND                   ;
+--------+--------+----------+--------------------------------+


+-------------------------------------------------------------+
; Port Connectivity Checks: "SRwPL_stack:SRwPL_stack_inst[0]" ;
+--------+--------+----------+--------------------------------+
; Port   ; Type   ; Severity ; Details                        ;
+--------+--------+----------+--------------------------------+
; OUT    ; Output ; Info     ; Explicitly unconnected         ;
; IN     ; Input  ; Info     ; Stuck at GND                   ;
; IRight ; Input  ; Info     ; Stuck at GND                   ;
+--------+--------+----------+--------------------------------+


+-------------------------------+
; Elapsed Time Per Partition    ;
+----------------+--------------+
; Partition Name ; Elapsed Time ;
+----------------+--------------+
; Top            ; 00:00:00     ;
+----------------+--------------+


+-------------------------------+
; Analysis & Synthesis Messages ;
+-------------------------------+
Info: *******************************************************************
Info: Running Quartus II 64-Bit Analysis & Synthesis
    Info: Version 13.0.1 Build 232 06/12/2013 Service Pack 1 SJ Web Edition
    Info: Processing started: Wed Nov 04 09:49:09 2020
Info: Command: quartus_map --read_settings_files=on --write_settings_files=off Stack7_20 -c Stack7_20
Warning (20028): Parallel compilation is not licensed and has been disabled
Info (12021): Found 1 design units, including 1 entities, in source file /tailieuhoctap/veriloghdl/baitap/shifterwithparallelload/mux4_1.v
    Info (12023): Found entity 1: mux4_1
Info (12021): Found 1 design units, including 1 entities, in source file /tailieuhoctap/veriloghdl/baitap/shifterwithparallelload/d_ff.v
    Info (12023): Found entity 1: D_ff
Info (12021): Found 1 design units, including 1 entities, in source file /tailieuhoctap/veriloghdl/baitap/counterwithparallelload/mux2_1.v
    Info (12023): Found entity 1: mux2_1
Info (12021): Found 1 design units, including 1 entities, in source file /tailieuhoctap/veriloghdl/baitap/counterwithparallelload/has.v
    Info (12023): Found entity 1: HAS
Info (12021): Found 1 design units, including 1 entities, in source file /tailieuhoctap/veriloghdl/baitap/counterwithparallelload/counterwithparallelload.v
    Info (12023): Found entity 1: CounterWithParallelLoad
Info (12021): Found 1 design units, including 1 entities, in source file stack7_20.v
    Info (12023): Found entity 1: Stack7_20
Info (12021): Found 1 design units, including 1 entities, in source file srwpl_stack.v
    Info (12023): Found entity 1: SRwPL_stack
Info (12127): Elaborating entity "Stack7_20" for the top level hierarchy
Info (12128): Elaborating entity "SRwPL_stack" for hierarchy "SRwPL_stack:SRwPL_stack_inst[0]"
Info (12128): Elaborating entity "D_ff" for hierarchy "SRwPL_stack:SRwPL_stack_inst[0]|D_ff:D[0]"
Info (12128): Elaborating entity "mux4_1" for hierarchy "SRwPL_stack:SRwPL_stack_inst[0]|mux4_1:mux[0]"
Info (12128): Elaborating entity "CounterWithParallelLoad" for hierarchy "CounterWithParallelLoad:CounterWithParallelLoad_inst"
Info (12128): Elaborating entity "HAS" for hierarchy "CounterWithParallelLoad:CounterWithParallelLoad_inst|HAS:HAS_inst[0]"
Info (12128): Elaborating entity "mux2_1" for hierarchy "CounterWithParallelLoad:CounterWithParallelLoad_inst|mux2_1:mux_inst[0]"
Warning (12241): 1 hierarchies have connectivity warnings - see the Connectivity Checks report folder
Info (16010): Generating hard_block partition "hard_block:auto_generated_inst"
    Info (16011): Adding 0 node(s), including 0 DDIO, 0 PLL, 0 transceiver and 0 LCELL
Info (21057): Implemented 397 device resources after synthesis - the final resource count might be different
    Info (21058): Implemented 12 input pins
    Info (21059): Implemented 18 output pins
    Info (21061): Implemented 367 logic cells
Info: Quartus II 64-Bit Analysis & Synthesis was successful. 0 errors, 2 warnings
    Info: Peak virtual memory: 4591 megabytes
    Info: Processing ended: Wed Nov 04 09:49:11 2020
    Info: Elapsed time: 00:00:02
    Info: Total CPU time (on all processors): 00:00:02


